<?xml version="1.0" encoding="UTF-8"?>
<robot generator="Robot 4.1.3 (Python 3.10.2 on win32)" generated="20220215 22:12:19.957" rpa="false" schemaversion="2">
<suite id="s1" name="Cheveautopecas Bdd" source="c:\Projeto\RobotFrameWork\WebTesting\cheveautopecas_bdd.robot">
<test id="s1-t1" name="Caso de Teste 02 - Pesquisa de produto">
<kw name="Abrir o navegador" library="cheveautopecas_resources" type="SETUP">
<kw name="Open Browser" library="SeleniumLibrary">
<arg>browser=${BROWSER}</arg>
<doc>Opens a new browser instance to the optional ``url``.</doc>
<msg timestamp="20220215 22:12:20.300" level="INFO">Opening browser 'chrome' to base url 'None'.</msg>
<status status="PASS" starttime="20220215 22:12:20.300" endtime="20220215 22:12:21.564"/>
</kw>
<kw name="Maximize Browser Window" library="SeleniumLibrary">
<doc>Maximizes current browser window.</doc>
<status status="PASS" starttime="20220215 22:12:21.565" endtime="20220215 22:12:21.718"/>
</kw>
<status status="PASS" starttime="20220215 22:12:20.299" endtime="20220215 22:12:21.718"/>
</kw>
<kw name="Dado que estou na homepage da cheveautopecas.com.br" library="cheveautopecas_resources">
<kw name="Acessar a home do site cheveautopecas.com.br" library="cheveautopecas_resources">
<kw name="Go To" library="SeleniumLibrary">
<arg>url=${URL}</arg>
<doc>Navigates the current browser window to the provided ``url``.</doc>
<msg timestamp="20220215 22:12:21.718" level="INFO">Opening url 'https://www.cheveautopecas.com.br/'</msg>
<status status="PASS" starttime="20220215 22:12:21.718" endtime="20220215 22:12:23.333"/>
</kw>
<kw name="Wait Until Element Is Visible" library="SeleniumLibrary">
<arg>locator=${VARIAVEL_MENU}</arg>
<doc>Waits until the element ``locator`` is visible.</doc>
<status status="PASS" starttime="20220215 22:12:23.333" endtime="20220215 22:12:23.368"/>
</kw>
<status status="PASS" starttime="20220215 22:12:21.718" endtime="20220215 22:12:23.368"/>
</kw>
<status status="PASS" starttime="20220215 22:12:21.718" endtime="20220215 22:12:23.370"/>
</kw>
<kw name="Quando pesquisar o produto &quot;Bomba Hidráulica&quot; no campo de pesquisa" library="cheveautopecas_resources" sourcename="Quando pesquisar o produto &quot;${PRODUTO}&quot; no campo de pesquisa">
<kw name="Digitar o nome do produto ${PRODUTO} no campo de Pesquisa">
<msg timestamp="20220215 22:12:23.374" level="FAIL">No keyword with name 'Digitar o nome do produto ${PRODUTO} no campo de Pesquisa' found. Did you mean:
    cheveautopecas_resources.Digitar O Nome Do Produto "${PRODUTO}" No Campo De Pesquisa</msg>
<status status="FAIL" starttime="20220215 22:12:23.374" endtime="20220215 22:12:23.374"/>
</kw>
<status status="FAIL" starttime="20220215 22:12:23.370" endtime="20220215 22:12:23.376"/>
</kw>
<kw name="Então o resultado da pesquisa deve exibir o produto pesquisado" library="cheveautopecas_resources">
<status status="NOT RUN" starttime="20220215 22:12:23.377" endtime="20220215 22:12:23.377"/>
</kw>
<kw name="Fechar o navegador" library="cheveautopecas_resources" type="TEARDOWN">
<kw name="Capture Page Screenshot" library="SeleniumLibrary">
<doc>Takes a screenshot of the current page and embeds it into a log file.</doc>
<msg timestamp="20220215 22:12:23.631" level="INFO" html="true">&lt;/td&gt;&lt;/tr&gt;&lt;tr&gt;&lt;td colspan="3"&gt;&lt;a href="selenium-screenshot-2.png"&gt;&lt;img src="selenium-screenshot-2.png" width="800px"&gt;&lt;/a&gt;</msg>
<status status="PASS" starttime="20220215 22:12:23.379" endtime="20220215 22:12:23.631"/>
</kw>
<kw name="Close Browser" library="SeleniumLibrary">
<doc>Closes the current browser.</doc>
<status status="PASS" starttime="20220215 22:12:23.632" endtime="20220215 22:12:25.842"/>
</kw>
<status status="PASS" starttime="20220215 22:12:23.378" endtime="20220215 22:12:25.844"/>
</kw>
<doc>Esse teste verifica se o produto está sendo retornado após pesquisa digitada</doc>
<tag>buscas</tag>
<status status="FAIL" starttime="20220215 22:12:20.296" endtime="20220215 22:12:25.845">No keyword with name 'Digitar o nome do produto ${PRODUTO} no campo de Pesquisa' found. Did you mean:
    cheveautopecas_resources.Digitar O Nome Do Produto "${PRODUTO}" No Campo De Pesquisa</status>
</test>
<doc>Essa switch de testes testa o site da CheveAutopecas</doc>
<status status="FAIL" starttime="20220215 22:12:19.958" endtime="20220215 22:12:25.850"/>
</suite>
<statistics>
<total>
<stat pass="0" fail="1" skip="0">All Tests</stat>
</total>
<tag>
<stat pass="0" fail="1" skip="0">buscas</stat>
</tag>
<suite>
<stat pass="0" fail="1" skip="0" id="s1" name="Cheveautopecas Bdd">Cheveautopecas Bdd</stat>
</suite>
</statistics>
<errors>
</errors>
</robot>
