<?xml version="1.0" encoding="UTF-8"?>
<robot generator="Robot 4.1.3 (Python 3.10.2 on win32)" generated="20220314 22:03:02.842" rpa="false" schemaversion="2">
<suite id="s1" name="testeTipoVariaveis" source="C:\Projeto\RobotFrameWork\WebTesting\testeTipoVariaveis.robot">
<test id="s1-t1" name="Caso de Teste 1">
<kw name="listando variaveis">
<kw name="Log" library="BuiltIn">
<arg>${Variavel_Global_simples}</arg>
<doc>Logs the given message with the given level.</doc>
<msg timestamp="20220314 22:03:02.858" level="INFO">Lista de carros que já passaram pela garagem</msg>
<status status="PASS" starttime="20220314 22:03:02.858" endtime="20220314 22:03:02.858"/>
</kw>
<kw name="Log" library="BuiltIn">
<arg>O primeiro carro foi ${Carros[0]}</arg>
<doc>Logs the given message with the given level.</doc>
<msg timestamp="20220314 22:03:02.858" level="INFO">O primeiro carro foi chevette</msg>
<status status="PASS" starttime="20220314 22:03:02.858" endtime="20220314 22:03:02.858"/>
</kw>
<kw name="Log" library="BuiltIn">
<arg>O melhor carro foi ${Carros[5]}</arg>
<doc>Logs the given message with the given level.</doc>
<msg timestamp="20220314 22:03:02.858" level="INFO">O melhor carro foi omega cd</msg>
<status status="PASS" starttime="20220314 22:03:02.858" endtime="20220314 22:03:02.858"/>
</kw>
<kw name="Log" library="BuiltIn">
<arg>O carro que mais sinto falta ${Carros[8]}</arg>
<doc>Logs the given message with the given level.</doc>
<msg timestamp="20220314 22:03:02.874" level="INFO">O carro que mais sinto falta blazer</msg>
<status status="PASS" starttime="20220314 22:03:02.858" endtime="20220314 22:03:02.874"/>
</kw>
<kw name="Log" library="BuiltIn">
<arg>O proximo carro será da marca ${Carro_Desejado.marca} e será o modelo ${Carro_Desejado.modelo}</arg>
<doc>Logs the given message with the given level.</doc>
<msg timestamp="20220314 22:03:02.874" level="INFO">O proximo carro será da marca Dodge e será o modelo Dakota Sport</msg>
<status status="PASS" starttime="20220314 22:03:02.874" endtime="20220314 22:03:02.874"/>
</kw>
<status status="PASS" starttime="20220314 22:03:02.858" endtime="20220314 22:03:02.874"/>
</kw>
<status status="PASS" starttime="20220314 22:03:02.858" endtime="20220314 22:03:02.874"/>
</test>
<test id="s1-t2" name="Caso de Teste 2">
<kw name="passando argumentos para testes">
<arg>${Carro_Desejado.modelo}</arg>
<arg>${Carro_Desejado.transmissao}</arg>
<kw name="Log" library="BuiltIn">
<arg>O carro é ${modelo} com cambio ${cambio}</arg>
<doc>Logs the given message with the given level.</doc>
<msg timestamp="20220314 22:03:02.874" level="INFO">O carro é Dakota Sport com cambio automática</msg>
<status status="PASS" starttime="20220314 22:03:02.874" endtime="20220314 22:03:02.874"/>
</kw>
<status status="PASS" starttime="20220314 22:03:02.874" endtime="20220314 22:03:02.874"/>
</kw>
<status status="PASS" starttime="20220314 22:03:02.874" endtime="20220314 22:03:02.874"/>
</test>
<test id="s1-t3" name="Caso de Teste 3">
<kw name="teste que retorna argumento">
<var>${Variavel_local}</var>
<arg>${Carro_Desejado.modelo}</arg>
<arg>${Carro_Desejado.potencia}</arg>
<kw name="Set Variable If" library="BuiltIn">
<var>${Mensagem}</var>
<arg>${potencia}&gt;150</arg>
<arg>${modelo} tem motor forte.</arg>
<doc>Sets variable based on the given condition.</doc>
<msg timestamp="20220314 22:03:02.874" level="INFO">${Mensagem} = Dakota Sport tem motor forte.</msg>
<status status="PASS" starttime="20220314 22:03:02.874" endtime="20220314 22:03:02.874"/>
</kw>
<msg timestamp="20220314 22:03:02.874" level="INFO">${Variavel_local} = None</msg>
<status status="PASS" starttime="20220314 22:03:02.874" endtime="20220314 22:03:02.874"/>
</kw>
<kw name="Log" library="BuiltIn">
<arg>${Variavel_local}</arg>
<doc>Logs the given message with the given level.</doc>
<msg timestamp="20220314 22:03:02.874" level="INFO">None</msg>
<status status="PASS" starttime="20220314 22:03:02.874" endtime="20220314 22:03:02.874"/>
</kw>
<status status="PASS" starttime="20220314 22:03:02.874" endtime="20220314 22:03:02.874"/>
</test>
<doc>Esse programa mostra tipos de variaveis diferentes para serem usadas</doc>
<status status="PASS" starttime="20220314 22:03:02.842" endtime="20220314 22:03:02.889"/>
</suite>
<statistics>
<total>
<stat pass="3" fail="0" skip="0">All Tests</stat>
</total>
<tag>
</tag>
<suite>
<stat pass="3" fail="0" skip="0" id="s1" name="testeTipoVariaveis">testeTipoVariaveis</stat>
</suite>
</statistics>
<errors>
</errors>
</robot>
