<?xml version="1.0" encoding="UTF-8"?>
<robot generator="Robot 4.1.3 (Python 3.10.2 on win32)" generated="20221113 21:28:14.872" rpa="false" schemaversion="2">
<suite id="s1" name="Cheveautopecas" source="C:\Projeto\RobotFrameWork\WebTesting\src\cheveautopecas.robot">
<test id="s1-t1" name="Caso de Teste 01 - Acesso a home CheveAutopecas">
<kw name="Abrir o navegador" library="cheveautopecas_resources" type="SETUP">
<kw name="Open Browser" library="SeleniumLibrary">
<arg>browser=${BROWSER}</arg>
<doc>Opens a new browser instance to the optional ``url``.</doc>
<msg timestamp="20221113 21:28:15.089" level="INFO">Opening browser 'chrome' to base url 'None'.</msg>
<status status="PASS" starttime="20221113 21:28:15.089" endtime="20221113 21:28:16.450"/>
</kw>
<kw name="Sleep" library="BuiltIn">
<arg>5</arg>
<doc>Pauses the test executed for the given time.</doc>
<msg timestamp="20221113 21:28:21.463" level="INFO">Slept 5 seconds</msg>
<status status="PASS" starttime="20221113 21:28:16.450" endtime="20221113 21:28:21.463"/>
</kw>
<kw name="Maximize Browser Window" library="SeleniumLibrary">
<doc>Maximizes current browser window.</doc>
<status status="PASS" starttime="20221113 21:28:21.463" endtime="20221113 21:28:21.588"/>
</kw>
<status status="PASS" starttime="20221113 21:28:15.089" endtime="20221113 21:28:21.589"/>
</kw>
<kw name="Acessar a home do site cheveautopecas.com.br" library="cheveautopecas_resources">
<kw name="Go To" library="SeleniumLibrary">
<arg>url=${URL}</arg>
<doc>Navigates the current browser window to the provided ``url``.</doc>
<msg timestamp="20221113 21:28:21.590" level="INFO">Opening url 'https://www.cheveautopecas.com.br/'</msg>
<status status="PASS" starttime="20221113 21:28:21.590" endtime="20221113 21:28:23.188"/>
</kw>
<kw name="Wait Until Element Is Visible" library="SeleniumLibrary">
<arg>locator=${VARIAVEL_MENU}</arg>
<doc>Waits until the element ``locator`` is visible.</doc>
<status status="PASS" starttime="20221113 21:28:23.188" endtime="20221113 21:28:23.216"/>
</kw>
<kw name="Sleep" library="BuiltIn">
<arg>5</arg>
<doc>Pauses the test executed for the given time.</doc>
<msg timestamp="20221113 21:28:28.216" level="INFO">Slept 5 seconds</msg>
<status status="PASS" starttime="20221113 21:28:23.216" endtime="20221113 21:28:28.216"/>
</kw>
<status status="PASS" starttime="20221113 21:28:21.589" endtime="20221113 21:28:28.216"/>
</kw>
<kw name="Entrar no menu motor" library="cheveautopecas_resources">
<kw name="Click Element" library="SeleniumLibrary">
<arg>locator=${VARIAVEL_MENU}</arg>
<doc>Click the element identified by ``locator``.</doc>
<msg timestamp="20221113 21:28:28.219" level="INFO">Clicking element '//a[contains(.,'MOTOR')]'.</msg>
<status status="PASS" starttime="20221113 21:28:28.218" endtime="20221113 21:28:28.785"/>
</kw>
<kw name="Sleep" library="BuiltIn">
<arg>5</arg>
<doc>Pauses the test executed for the given time.</doc>
<msg timestamp="20221113 21:28:33.786" level="INFO">Slept 5 seconds</msg>
<status status="PASS" starttime="20221113 21:28:28.785" endtime="20221113 21:28:33.786"/>
</kw>
<status status="PASS" starttime="20221113 21:28:28.218" endtime="20221113 21:28:33.786"/>
</kw>
<kw name="Verificar se aparece o titulo &quot;MOTOR&quot; no cabeçalho da categoria" library="cheveautopecas_resources">
<kw name="Wait Until Page Contains" library="SeleniumLibrary">
<arg>${PALAVRA_MOTOR}</arg>
<doc>Waits until ``text`` appears on the current page.</doc>
<status status="PASS" starttime="20221113 21:28:33.787" endtime="20221113 21:28:33.805"/>
</kw>
<status status="PASS" starttime="20221113 21:28:33.787" endtime="20221113 21:28:33.806"/>
</kw>
<kw name="Verificar se o titulo da pagina é &quot;[motor] [cheve] [cheveautopeças] [chevrolet]&quot;" library="cheveautopecas_resources" sourcename="Verificar se o titulo da pagina é &quot;${TITULO_PAGINA}&quot;">
<kw name="Title Should Be" library="SeleniumLibrary">
<arg>title=${TITULO_PAGINA}</arg>
<doc>Verifies that the current page title equals ``title``.</doc>
<msg timestamp="20221113 21:28:33.816" level="INFO">Page title is '[motor] [cheve] [cheveautopeças] [chevrolet]'.</msg>
<status status="PASS" starttime="20221113 21:28:33.807" endtime="20221113 21:28:33.816"/>
</kw>
<status status="PASS" starttime="20221113 21:28:33.807" endtime="20221113 21:28:33.816"/>
</kw>
<kw name="Fechar o navegador" library="cheveautopecas_resources" type="TEARDOWN">
<kw name="Capture Page Screenshot" library="SeleniumLibrary">
<doc>Takes a screenshot of the current page and embeds it into a log file.</doc>
<msg timestamp="20221113 21:28:33.936" level="INFO" html="true">&lt;/td&gt;&lt;/tr&gt;&lt;tr&gt;&lt;td colspan="3"&gt;&lt;a href="selenium-screenshot-5.png"&gt;&lt;img src="selenium-screenshot-5.png" width="800px"&gt;&lt;/a&gt;</msg>
<status status="PASS" starttime="20221113 21:28:33.818" endtime="20221113 21:28:33.936"/>
</kw>
<kw name="Close Browser" library="SeleniumLibrary">
<doc>Closes the current browser.</doc>
<status status="PASS" starttime="20221113 21:28:33.936" endtime="20221113 21:28:36.194"/>
</kw>
<status status="PASS" starttime="20221113 21:28:33.817" endtime="20221113 21:28:36.195"/>
</kw>
<doc>Esse teste verifica se a home do site está online
e verifica se a categoria de produtos está disponível</doc>
<tag>menus</tag>
<status status="PASS" starttime="20221113 21:28:15.088" endtime="20221113 21:28:36.195"/>
</test>
<test id="s1-t2" name="Caso de Teste 02 - Pesquisa de produto">
<kw name="Abrir o navegador" library="cheveautopecas_resources" type="SETUP">
<kw name="Open Browser" library="SeleniumLibrary">
<arg>browser=${BROWSER}</arg>
<doc>Opens a new browser instance to the optional ``url``.</doc>
<msg timestamp="20221113 21:28:36.201" level="INFO">Opening browser 'chrome' to base url 'None'.</msg>
<status status="PASS" starttime="20221113 21:28:36.201" endtime="20221113 21:28:37.513"/>
</kw>
<kw name="Sleep" library="BuiltIn">
<arg>5</arg>
<doc>Pauses the test executed for the given time.</doc>
<msg timestamp="20221113 21:28:42.519" level="INFO">Slept 5 seconds</msg>
<status status="PASS" starttime="20221113 21:28:37.514" endtime="20221113 21:28:42.519"/>
</kw>
<kw name="Maximize Browser Window" library="SeleniumLibrary">
<doc>Maximizes current browser window.</doc>
<status status="PASS" starttime="20221113 21:28:42.519" endtime="20221113 21:28:42.646"/>
</kw>
<status status="PASS" starttime="20221113 21:28:36.200" endtime="20221113 21:28:42.647"/>
</kw>
<kw name="Acessar a home do site cheveautopecas.com.br" library="cheveautopecas_resources">
<kw name="Go To" library="SeleniumLibrary">
<arg>url=${URL}</arg>
<doc>Navigates the current browser window to the provided ``url``.</doc>
<msg timestamp="20221113 21:28:42.649" level="INFO">Opening url 'https://www.cheveautopecas.com.br/'</msg>
<status status="PASS" starttime="20221113 21:28:42.648" endtime="20221113 21:28:44.003"/>
</kw>
<kw name="Wait Until Element Is Visible" library="SeleniumLibrary">
<arg>locator=${VARIAVEL_MENU}</arg>
<doc>Waits until the element ``locator`` is visible.</doc>
<status status="PASS" starttime="20221113 21:28:44.004" endtime="20221113 21:28:44.033"/>
</kw>
<kw name="Sleep" library="BuiltIn">
<arg>5</arg>
<doc>Pauses the test executed for the given time.</doc>
<msg timestamp="20221113 21:28:49.044" level="INFO">Slept 5 seconds</msg>
<status status="PASS" starttime="20221113 21:28:44.033" endtime="20221113 21:28:49.044"/>
</kw>
<status status="PASS" starttime="20221113 21:28:42.647" endtime="20221113 21:28:49.044"/>
</kw>
<kw name="Entrar no menu motor" library="cheveautopecas_resources">
<kw name="Click Element" library="SeleniumLibrary">
<arg>locator=${VARIAVEL_MENU}</arg>
<doc>Click the element identified by ``locator``.</doc>
<msg timestamp="20221113 21:28:49.047" level="INFO">Clicking element '//a[contains(.,'MOTOR')]'.</msg>
<status status="PASS" starttime="20221113 21:28:49.046" endtime="20221113 21:28:49.464"/>
</kw>
<kw name="Sleep" library="BuiltIn">
<arg>5</arg>
<doc>Pauses the test executed for the given time.</doc>
<msg timestamp="20221113 21:28:54.473" level="INFO">Slept 5 seconds</msg>
<status status="PASS" starttime="20221113 21:28:49.464" endtime="20221113 21:28:54.473"/>
</kw>
<status status="PASS" starttime="20221113 21:28:49.045" endtime="20221113 21:28:54.473"/>
</kw>
<kw name="Digitar o nome do produto &quot;Bomba hidraulica&quot; no campo de Pesquisa" library="cheveautopecas_resources" sourcename="Digitar o nome do produto &quot;${PRODUTO}&quot; no campo de Pesquisa">
<kw name="Input Text" library="SeleniumLibrary">
<arg>locator=${CAMPO_BUSCAR}</arg>
<arg>text=${PRODUTO}</arg>
<doc>Types the given ``text`` into the text field identified by ``locator``.</doc>
<msg timestamp="20221113 21:28:54.477" level="INFO">Typing text 'Bomba hidraulica' into text field '(//input[@placeholder='Buscar'])[1]'.</msg>
<status status="PASS" starttime="20221113 21:28:54.475" endtime="20221113 21:28:54.620"/>
</kw>
<kw name="Sleep" library="BuiltIn">
<arg>5</arg>
<doc>Pauses the test executed for the given time.</doc>
<msg timestamp="20221113 21:28:59.635" level="INFO">Slept 5 seconds</msg>
<status status="PASS" starttime="20221113 21:28:54.620" endtime="20221113 21:28:59.635"/>
</kw>
<status status="PASS" starttime="20221113 21:28:54.475" endtime="20221113 21:28:59.635"/>
</kw>
<kw name="Clicar no botão de Pesquisa" library="cheveautopecas_resources">
<kw name="Click Button" library="SeleniumLibrary">
<arg>locator=${BOTAO_BUSCAR}</arg>
<doc>Clicks the button identified by ``locator``.</doc>
<msg timestamp="20221113 21:28:59.637" level="INFO">Clicking button '(//button[contains(@data-tray-tst,'botao_buscar')])[1]'.</msg>
<status status="PASS" starttime="20221113 21:28:59.637" endtime="20221113 21:29:00.048"/>
</kw>
<status status="PASS" starttime="20221113 21:28:59.636" endtime="20221113 21:29:00.049"/>
</kw>
<kw name="Verificar o resultado da pesquisa se está listando o produto pesquisado" library="cheveautopecas_resources">
<kw name="Element Should Be Visible" library="SeleniumLibrary">
<arg>locator=${PRODUTO_CONF}</arg>
<doc>Verifies that the element identified by ``locator`` is visible.</doc>
<msg timestamp="20221113 21:29:00.073" level="INFO">Element '//img[contains(@alt,'Bomba Direção Hidráulica - Onix/Prisma 2013 á 2016 94748892')]' is displayed.</msg>
<status status="PASS" starttime="20221113 21:29:00.049" endtime="20221113 21:29:00.073"/>
</kw>
<kw name="Sleep" library="BuiltIn">
<arg>5</arg>
<doc>Pauses the test executed for the given time.</doc>
<msg timestamp="20221113 21:29:05.080" level="INFO">Slept 5 seconds</msg>
<status status="PASS" starttime="20221113 21:29:00.073" endtime="20221113 21:29:05.080"/>
</kw>
<status status="PASS" starttime="20221113 21:29:00.049" endtime="20221113 21:29:05.080"/>
</kw>
<kw name="Fechar o navegador" library="cheveautopecas_resources" type="TEARDOWN">
<kw name="Capture Page Screenshot" library="SeleniumLibrary">
<doc>Takes a screenshot of the current page and embeds it into a log file.</doc>
<msg timestamp="20221113 21:29:05.227" level="INFO" html="true">&lt;/td&gt;&lt;/tr&gt;&lt;tr&gt;&lt;td colspan="3"&gt;&lt;a href="selenium-screenshot-6.png"&gt;&lt;img src="selenium-screenshot-6.png" width="800px"&gt;&lt;/a&gt;</msg>
<status status="PASS" starttime="20221113 21:29:05.082" endtime="20221113 21:29:05.227"/>
</kw>
<kw name="Close Browser" library="SeleniumLibrary">
<doc>Closes the current browser.</doc>
<status status="PASS" starttime="20221113 21:29:05.228" endtime="20221113 21:29:07.381"/>
</kw>
<status status="PASS" starttime="20221113 21:29:05.081" endtime="20221113 21:29:07.382"/>
</kw>
<doc>Esse teste verifica se o produto está sendo retornado após pesquisa digitada</doc>
<tag>buscas</tag>
<status status="PASS" starttime="20221113 21:28:36.198" endtime="20221113 21:29:07.382"/>
</test>
<doc>Essa switch de testes testa o site da CheveAutopecas</doc>
<status status="PASS" starttime="20221113 21:28:14.873" endtime="20221113 21:29:07.385"/>
</suite>
<statistics>
<total>
<stat pass="2" fail="0" skip="0">All Tests</stat>
</total>
<tag>
<stat pass="1" fail="0" skip="0">buscas</stat>
<stat pass="1" fail="0" skip="0">menus</stat>
</tag>
<suite>
<stat pass="2" fail="0" skip="0" id="s1" name="Cheveautopecas">Cheveautopecas</stat>
</suite>
</statistics>
<errors>
</errors>
</robot>
