<?xml version="1.0" encoding="UTF-8"?>
<robot generator="Robot 4.1.3 (Python 3.10.2 on win32)" generated="20220314 23:06:53.281" rpa="false" schemaversion="2">
<suite id="s1" name="usandoIfs" source="C:\Projeto\RobotFrameWork\WebTesting\usandoIfs.robot">
<test id="s1-t1" name="Caso de Teste 1">
<kw name="teste verdadeiro">
<kw name="Run Keyword If" library="BuiltIn">
<arg>'${Carros[0]}' == 'chevette'</arg>
<arg>Log</arg>
<arg>O primeiro carro foi um chevette.</arg>
<doc>Runs the given keyword with the given arguments, if ``condition`` is true.</doc>
<kw name="Log" library="BuiltIn">
<arg>O primeiro carro foi um chevette.</arg>
<doc>Logs the given message with the given level.</doc>
<msg timestamp="20220314 23:06:53.312" level="INFO">O primeiro carro foi um chevette.</msg>
<status status="PASS" starttime="20220314 23:06:53.312" endtime="20220314 23:06:53.312"/>
</kw>
<status status="PASS" starttime="20220314 23:06:53.312" endtime="20220314 23:06:53.312"/>
</kw>
<status status="PASS" starttime="20220314 23:06:53.312" endtime="20220314 23:06:53.312"/>
</kw>
<kw name="teste falso">
<kw name="Run Keyword Unless" library="BuiltIn">
<arg>'${Carros[9]}' == 'blazer'</arg>
<arg>Log</arg>
<arg>O ultimo carro foi uma tracker.</arg>
<doc>Runs the given keyword with the given arguments if ``condition`` is false.</doc>
<kw name="Log" library="BuiltIn">
<arg>O ultimo carro foi uma tracker.</arg>
<doc>Logs the given message with the given level.</doc>
<msg timestamp="20220314 23:06:53.312" level="INFO">O ultimo carro foi uma tracker.</msg>
<status status="PASS" starttime="20220314 23:06:53.312" endtime="20220314 23:06:53.312"/>
</kw>
<status status="PASS" starttime="20220314 23:06:53.312" endtime="20220314 23:06:53.312"/>
</kw>
<status status="PASS" starttime="20220314 23:06:53.312" endtime="20220314 23:06:53.312"/>
</kw>
<kw name="armazenando valor se condicao atendida">
<kw name="Set Variable If" library="BuiltIn">
<var>${VAR}</var>
<arg>'${Carros[1]}' == 'corsa'</arg>
<arg>corsa</arg>
<doc>Sets variable based on the given condition.</doc>
<msg timestamp="20220314 23:06:53.312" level="INFO">${VAR} = corsa</msg>
<status status="PASS" starttime="20220314 23:06:53.312" endtime="20220314 23:06:53.312"/>
</kw>
<kw name="Log" library="BuiltIn">
<arg>O segundo carro foi um ${VAR}</arg>
<doc>Logs the given message with the given level.</doc>
<msg timestamp="20220314 23:06:53.312" level="INFO">O segundo carro foi um corsa</msg>
<status status="PASS" starttime="20220314 23:06:53.312" endtime="20220314 23:06:53.312"/>
</kw>
<status status="PASS" starttime="20220314 23:06:53.312" endtime="20220314 23:06:53.312"/>
</kw>
<status status="PASS" starttime="20220314 23:06:53.312" endtime="20220314 23:06:53.312"/>
</test>
<doc>Usando ifs no robot framework</doc>
<status status="PASS" starttime="20220314 23:06:53.281" endtime="20220314 23:06:53.312"/>
</suite>
<statistics>
<total>
<stat pass="1" fail="0" skip="0">All Tests</stat>
</total>
<tag>
</tag>
<suite>
<stat pass="1" fail="0" skip="0" id="s1" name="usandoIfs">usandoIfs</stat>
</suite>
</statistics>
<errors>
</errors>
</robot>
